0 info it worked if it ends with ok
1 verbose cli [ 'C:\\Program Files\\nodejs\\node.exe',
1 verbose cli   'C:\\Program Files\\nodejs\\node_modules\\npm\\bin\\npm-cli.js',
1 verbose cli   'install',
1 verbose cli   '-D',
1 verbose cli   '@types/node' ]
2 info using npm@2.14.7
3 info using node@v4.2.2
4 verbose install initial load of C:\Development\GitHub\Angular2Esempi\trunk\StepByStepProject\package.json
5 verbose installManyTop reading scoped package data from C:\Development\GitHub\Angular2Esempi\trunk\StepByStepProject\node_modules\angular-cli\package.json
6 verbose installManyTop reading scoped package data from C:\Development\GitHub\Angular2Esempi\trunk\StepByStepProject\node_modules\angular-mocks\package.json
7 verbose installManyTop reading scoped package data from C:\Development\GitHub\Angular2Esempi\trunk\StepByStepProject\node_modules\clang-format\package.json
8 verbose installManyTop reading scoped package data from C:\Development\GitHub\Angular2Esempi\trunk\StepByStepProject\node_modules\codelyzer\package.json
9 verbose installManyTop reading scoped package data from C:\Development\GitHub\Angular2Esempi\trunk\StepByStepProject\node_modules\ember-cli-inject-live-reload\package.json
10 verbose installManyTop reading scoped package data from C:\Development\GitHub\Angular2Esempi\trunk\StepByStepProject\node_modules\es6-shim\package.json
11 verbose installManyTop reading scoped package data from C:\Development\GitHub\Angular2Esempi\trunk\StepByStepProject\node_modules\jasmine-core\package.json
12 verbose installManyTop reading scoped package data from C:\Development\GitHub\Angular2Esempi\trunk\StepByStepProject\node_modules\jasmine-spec-reporter\package.json
13 verbose installManyTop reading scoped package data from C:\Development\GitHub\Angular2Esempi\trunk\StepByStepProject\node_modules\karma\package.json
14 verbose installManyTop reading scoped package data from C:\Development\GitHub\Angular2Esempi\trunk\StepByStepProject\node_modules\karma-chrome-launcher\package.json
15 verbose installManyTop reading scoped package data from C:\Development\GitHub\Angular2Esempi\trunk\StepByStepProject\node_modules\karma-jasmine\package.json
16 verbose installManyTop reading scoped package data from C:\Development\GitHub\Angular2Esempi\trunk\StepByStepProject\node_modules\protractor\package.json
17 verbose installManyTop reading scoped package data from C:\Development\GitHub\Angular2Esempi\trunk\StepByStepProject\node_modules\reflect-metadata\package.json
18 verbose installManyTop reading scoped package data from C:\Development\GitHub\Angular2Esempi\trunk\StepByStepProject\node_modules\rxjs\package.json
19 verbose installManyTop reading scoped package data from C:\Development\GitHub\Angular2Esempi\trunk\StepByStepProject\node_modules\systemjs\package.json
20 verbose installManyTop reading scoped package data from C:\Development\GitHub\Angular2Esempi\trunk\StepByStepProject\node_modules\ts-node\package.json
21 verbose installManyTop reading scoped package data from C:\Development\GitHub\Angular2Esempi\trunk\StepByStepProject\node_modules\tslint\package.json
22 verbose installManyTop reading scoped package data from C:\Development\GitHub\Angular2Esempi\trunk\StepByStepProject\node_modules\typescript\package.json
23 verbose installManyTop reading scoped package data from C:\Development\GitHub\Angular2Esempi\trunk\StepByStepProject\node_modules\typings\package.json
24 verbose installManyTop reading scoped package data from C:\Development\GitHub\Angular2Esempi\trunk\StepByStepProject\node_modules\zone.js\package.json
25 verbose installManyTop reading scoped package data from C:\Development\GitHub\Angular2Esempi\trunk\StepByStepProject\node_modules\@angular\common\package.json
26 verbose installManyTop reading scoped package data from C:\Development\GitHub\Angular2Esempi\trunk\StepByStepProject\node_modules\@angular\compiler\package.json
27 verbose installManyTop reading scoped package data from C:\Development\GitHub\Angular2Esempi\trunk\StepByStepProject\node_modules\@angular\core\package.json
28 verbose installManyTop reading scoped package data from C:\Development\GitHub\Angular2Esempi\trunk\StepByStepProject\node_modules\@angular\platform-browser\package.json
29 verbose installManyTop reading scoped package data from C:\Development\GitHub\Angular2Esempi\trunk\StepByStepProject\node_modules\@angular\platform-browser-dynamic\package.json
30 verbose installManyTop reading scoped package data from C:\Development\GitHub\Angular2Esempi\trunk\StepByStepProject\node_modules\@angular\router\package.json
31 verbose installManyTop reading scoped package data from C:\Development\GitHub\Angular2Esempi\trunk\StepByStepProject\node_modules\@angular\testing\package.json
32 verbose installManyTop reading scoped package data from C:\Development\GitHub\Angular2Esempi\trunk\StepByStepProject\node_modules\@types\node\package.json
33 info package.json @angular/common@2.0.0-rc.1 No description
34 info package.json @angular/common@2.0.0-rc.1 No repository field.
35 info package.json @angular/compiler@2.0.0-rc.1 No description
36 info package.json @angular/compiler@2.0.0-rc.1 No repository field.
37 info package.json @angular/platform-browser@2.0.0-rc.1 No description
38 info package.json @angular/platform-browser@2.0.0-rc.1 No repository field.
39 info package.json @angular/testing@0.0.0-0 No description
40 info package.json @angular/testing@0.0.0-0 No repository field.
41 info package.json @angular/testing@0.0.0-0 No README data
42 info package.json @angular/platform-browser-dynamic@2.0.0-rc.1 No description
43 info package.json @angular/platform-browser-dynamic@2.0.0-rc.1 No repository field.
44 info package.json @angular/router@2.0.0-rc.1 No description
45 info package.json @angular/router@2.0.0-rc.1 No repository field.
46 info package.json @angular/core@2.0.0-rc.1 No description
47 info package.json @angular/core@2.0.0-rc.1 No repository field.
48 verbose readDependencies loading dependencies from C:\Development\GitHub\Angular2Esempi\trunk\StepByStepProject\package.json
49 verbose install @types/node is installed as 6.0.56
50 silly cache add args [ '@types/node', null ]
51 verbose cache add spec @types/node
52 silly cache add parsed spec Result {
52 silly cache add   raw: '@types/node',
52 silly cache add   scope: '@types',
52 silly cache add   name: '@types/node',
52 silly cache add   rawSpec: '',
52 silly cache add   spec: '*',
52 silly cache add   type: 'range' }
53 silly addNamed @types/node@*
54 verbose addNamed "*" is a valid semver range for @types/node
55 silly addNameRange { name: '@types/node', range: '*', hasData: false }
56 silly mapToRegistry name @types/node
57 silly mapToRegistry scope (from package name) @types
58 verbose mapToRegistry no registry URL found in name for scope @types
59 silly mapToRegistry using default registry
60 silly mapToRegistry registry https://registry.npmjs.org/
61 silly mapToRegistry uri https://registry.npmjs.org/@types%2fnode
62 verbose addNameRange registry:https://registry.npmjs.org/@types%2fnode not in flight; fetching
63 verbose request uri https://registry.npmjs.org/@types%2fnode
64 verbose request no auth needed
65 info attempt registry request try #1 at 17:44:31
66 verbose request id dfc163c2977495b7
67 verbose etag "586beca0-a6f4"
68 http request GET https://registry.npmjs.org/@types%2fnode
69 http 304 https://registry.npmjs.org/@types%2fnode
70 verbose headers { date: 'Wed, 04 Jan 2017 16:44:32 GMT',
70 verbose headers   via: '1.1 varnish',
70 verbose headers   'cache-control': 'max-age=0',
70 verbose headers   etag: '"586beca0-a6f4"',
70 verbose headers   age: '0',
70 verbose headers   connection: 'keep-alive',
70 verbose headers   'x-served-by': 'cache-ams4132-AMS',
70 verbose headers   'x-cache': 'MISS',
70 verbose headers   'x-cache-hits': '0',
70 verbose headers   'x-timer': 'S1483548272.267370,VS0,VE485',
70 verbose headers   vary: 'Accept-Encoding' }
71 silly get cb [ 304,
71 silly get   { date: 'Wed, 04 Jan 2017 16:44:32 GMT',
71 silly get     via: '1.1 varnish',
71 silly get     'cache-control': 'max-age=0',
71 silly get     etag: '"586beca0-a6f4"',
71 silly get     age: '0',
71 silly get     connection: 'keep-alive',
71 silly get     'x-served-by': 'cache-ams4132-AMS',
71 silly get     'x-cache': 'MISS',
71 silly get     'x-cache-hits': '0',
71 silly get     'x-timer': 'S1483548272.267370,VS0,VE485',
71 silly get     vary: 'Accept-Encoding' } ]
72 verbose etag https://registry.npmjs.org/@types%2fnode from cache
73 verbose get saving @types/node to D:\Users\arx50011\AppData\Roaming\npm-cache\registry.npmjs.org\_40types_252fnode\.cache.json
74 silly addNameRange number 2 { name: '@types/node', range: '*', hasData: true }
75 silly addNameRange versions [ '@types/node',
75 silly addNameRange   [ '4.0.15-alpha',
75 silly addNameRange     '4.0.16-alpha',
75 silly addNameRange     '4.0.21-alpha',
75 silly addNameRange     '4.0.22-alpha',
75 silly addNameRange     '4.0.23-alpha',
75 silly addNameRange     '4.0.24-alpha',
75 silly addNameRange     '4.0.25-alpha',
75 silly addNameRange     '4.0.26-alpha',
75 silly addNameRange     '4.0.27-alpha',
75 silly addNameRange     '4.0.28-alpha',
75 silly addNameRange     '4.0.29',
75 silly addNameRange     '4.0.30',
75 silly addNameRange     '6.0.31',
75 silly addNameRange     '6.0.32',
75 silly addNameRange     '6.0.33',
75 silly addNameRange     '6.0.34',
75 silly addNameRange     '6.0.35',
75 silly addNameRange     '6.0.36',
75 silly addNameRange     '6.0.37',
75 silly addNameRange     '6.0.38',
75 silly addNameRange     '6.0.39',
75 silly addNameRange     '6.0.40',
75 silly addNameRange     '6.0.41',
75 silly addNameRange     '6.0.42',
75 silly addNameRange     '6.0.43',
75 silly addNameRange     '6.0.44',
75 silly addNameRange     '6.0.45',
75 silly addNameRange     '6.0.46',
75 silly addNameRange     '6.0.47',
75 silly addNameRange     '6.0.48',
75 silly addNameRange     '6.0.49',
75 silly addNameRange     '6.0.50',
75 silly addNameRange     '6.0.51',
75 silly addNameRange     '0.0.0',
75 silly addNameRange     '0.0.1',
75 silly addNameRange     '0.0.2',
75 silly addNameRange     '0.0.3',
75 silly addNameRange     '6.0.52',
75 silly addNameRange     '6.0.53',
75 silly addNameRange     '6.0.54',
75 silly addNameRange     '6.0.55',
75 silly addNameRange     '6.0.56' ] ]
76 silly addNamed @types/node@6.0.56
77 verbose addNamed "6.0.56" is a plain semver version for @types/node
78 silly cache afterAdd @types/node@6.0.56
79 verbose afterAdd D:\Users\arx50011\AppData\Roaming\npm-cache\@types\node\6.0.56\package\package.json not in flight; writing
80 verbose afterAdd D:\Users\arx50011\AppData\Roaming\npm-cache\@types\node\6.0.56\package\package.json written
81 silly install resolved [ { name: '@types/node',
81 silly install resolved     version: '6.0.56',
81 silly install resolved     description: 'TypeScript definitions for Node.js',
81 silly install resolved     license: 'MIT',
81 silly install resolved     author:
81 silly install resolved      { name: 'Microsoft TypeScript',
81 silly install resolved        email: 'http://typescriptlang.org' },
81 silly install resolved     main: '',
81 silly install resolved     repository:
81 silly install resolved      { type: 'git',
81 silly install resolved        url: 'https://www.github.com/DefinitelyTyped/DefinitelyTyped.git' },
81 silly install resolved     scripts: {},
81 silly install resolved     dependencies: {},
81 silly install resolved     peerDependencies: {},
81 silly install resolved     typesPublisherContentHash: '3553779758ee6d342e9153a8479bee63b5b815140da641ab6a9bee690bbea463',
81 silly install resolved     typeScriptVersion: '2.0',
81 silly install resolved     _id: '@types/node@6.0.56',
81 silly install resolved     dist:
81 silly install resolved      { shasum: '12bc7fff825e72807f55dcbce17e9db6177713dd',
81 silly install resolved        tarball: 'https://registry.npmjs.org/@types/node/-/node-6.0.56.tgz' },
81 silly install resolved     maintainers: [ [Object] ],
81 silly install resolved     _npmUser: { name: 'types', email: 'ts-npm-types@microsoft.com' },
81 silly install resolved     _npmOperationalInternal:
81 silly install resolved      { host: 'packages-18-east.internal.npmjs.com',
81 silly install resolved        tmp: 'tmp/node-6.0.56.tgz_1483467933270_0.3591851405799389' },
81 silly install resolved     directories: {},
81 silly install resolved     _shasum: '12bc7fff825e72807f55dcbce17e9db6177713dd',
81 silly install resolved     _resolved: 'https://registry.npmjs.org/@types/node/-/node-6.0.56.tgz',
81 silly install resolved     _from: '@types/node@*',
81 silly install resolved     readme: 'ERROR: No README data found!' } ]
82 info install @types/node@6.0.56 into C:\Development\GitHub\Angular2Esempi\trunk\StepByStepProject
83 info installOne @types/node@6.0.56
84 verbose installOne of @types/node to C:\Development\GitHub\Angular2Esempi\trunk\StepByStepProject not in flight; installing
85 verbose lock using D:\Users\arx50011\AppData\Roaming\npm-cache\_locks\types-node-07a1a9abe3b15dad.lock for C:\Development\GitHub\Angular2Esempi\trunk\StepByStepProject\node_modules\@types\node
86 silly install write writing @types/node 6.0.56 to C:\Development\GitHub\Angular2Esempi\trunk\StepByStepProject\node_modules\@types\node
87 verbose unbuild node_modules\@types\node
88 info preuninstall @types/node@6.0.56
89 info uninstall @types/node@6.0.56
90 verbose unbuild rmStuff @types/node@6.0.56 from C:\Development\GitHub\Angular2Esempi\trunk\StepByStepProject\node_modules
91 verbose unbuild rmStuff in C:\Development\GitHub\Angular2Esempi\trunk\StepByStepProject\node_modules\@types
92 info postuninstall @types/node@6.0.56
93 silly gentlyRm C:\Development\GitHub\Angular2Esempi\trunk\StepByStepProject\node_modules\@types\node is being purged from base C:\Development\GitHub\Angular2Esempi\trunk\StepByStepProject
94 verbose gentlyRm don't care about contents; nuking C:\Development\GitHub\Angular2Esempi\trunk\StepByStepProject\node_modules\@types\node
95 silly vacuum-fs purging C:\Development\GitHub\Angular2Esempi\trunk\StepByStepProject\node_modules\@types\node
96 silly vacuum-fs removing C:\Development\GitHub\Angular2Esempi\trunk\StepByStepProject\node_modules\@types
97 silly vacuum-fs quitting because other entries in C:\Development\GitHub\Angular2Esempi\trunk\StepByStepProject\node_modules
98 verbose tar unpack D:\Users\arx50011\AppData\Roaming\npm-cache\@types\node\6.0.56\package.tgz
99 verbose tar unpacking to C:\Development\GitHub\Angular2Esempi\trunk\StepByStepProject\node_modules\@types\node
100 silly gentlyRm C:\Development\GitHub\Angular2Esempi\trunk\StepByStepProject\node_modules\@types\node is being purged
101 verbose gentlyRm don't care about contents; nuking C:\Development\GitHub\Angular2Esempi\trunk\StepByStepProject\node_modules\@types\node
102 silly gunzTarPerm modes [ '777', '666' ]
103 silly gunzTarPerm extractEntry README.md
104 silly gunzTarPerm extractEntry index.d.ts
105 silly gunzTarPerm extractEntry package.json
106 silly gunzTarPerm extractEntry types-metadata.json
107 verbose write writing to C:\Development\GitHub\Angular2Esempi\trunk\StepByStepProject\node_modules\@types\node\package.json
108 info preinstall @types/node@6.0.56
109 verbose readDependencies loading dependencies from C:\Development\GitHub\Angular2Esempi\trunk\StepByStepProject\node_modules\@types\node\package.json
110 verbose readDependencies loading dependencies from C:\Development\GitHub\Angular2Esempi\trunk\StepByStepProject\node_modules\@types\node\package.json
111 silly install resolved []
112 verbose about to build C:\Development\GitHub\Angular2Esempi\trunk\StepByStepProject\node_modules\@types\node
113 info build C:\Development\GitHub\Angular2Esempi\trunk\StepByStepProject\node_modules\@types\node
114 info linkStuff @types/node@6.0.56
115 silly linkStuff @types/node@6.0.56 has C:\Development\GitHub\Angular2Esempi\trunk\StepByStepProject\node_modules as its parent node_modules
116 verbose linkBins @types/node@6.0.56
117 verbose linkMans @types/node@6.0.56
118 verbose rebuildBundles @types/node@6.0.56
119 info install @types/node@6.0.56
120 info postinstall @types/node@6.0.56
121 verbose unlock done using D:\Users\arx50011\AppData\Roaming\npm-cache\_locks\types-node-07a1a9abe3b15dad.lock for C:\Development\GitHub\Angular2Esempi\trunk\StepByStepProject\node_modules\@types\node
122 verbose validateInstall loading C:\Development\GitHub\Angular2Esempi\trunk\StepByStepProject\package.json for validation
123 verbose stack Error: The package @angular/common@2.0.0-rc.1 does not satisfy its siblings' peerDependencies requirements!
123 verbose stack     at C:\Program Files\nodejs\node_modules\npm\lib\install.js:125:32
123 verbose stack     at C:\Program Files\nodejs\node_modules\npm\lib\install.js:268:7
123 verbose stack     at C:\Program Files\nodejs\node_modules\npm\node_modules\read-installed\read-installed.js:142:5
123 verbose stack     at C:\Program Files\nodejs\node_modules\npm\node_modules\read-installed\read-installed.js:263:14
123 verbose stack     at cb (C:\Program Files\nodejs\node_modules\npm\node_modules\slide\lib\async-map.js:47:24)
123 verbose stack     at C:\Program Files\nodejs\node_modules\npm\node_modules\read-installed\read-installed.js:263:14
123 verbose stack     at cb (C:\Program Files\nodejs\node_modules\npm\node_modules\slide\lib\async-map.js:47:24)
123 verbose stack     at C:\Program Files\nodejs\node_modules\npm\node_modules\read-installed\read-installed.js:263:14
123 verbose stack     at cb (C:\Program Files\nodejs\node_modules\npm\node_modules\slide\lib\async-map.js:47:24)
123 verbose stack     at C:\Program Files\nodejs\node_modules\npm\node_modules\read-installed\read-installed.js:263:14
124 verbose cwd C:\Development\GitHub\Angular2Esempi\trunk\StepByStepProject
125 error Windows_NT 6.1.7601
126 error argv "C:\\Program Files\\nodejs\\node.exe" "C:\\Program Files\\nodejs\\node_modules\\npm\\bin\\npm-cli.js" "install" "-D" "@types/node"
127 error node v4.2.2
128 error npm  v2.14.7
129 error code EPEERINVALID
130 error peerinvalid The package @angular/common@2.0.0-rc.1 does not satisfy its siblings' peerDependencies requirements!
130 error peerinvalid Peer @angular/platform-browser@2.0.0-rc.1 wants @angular/common@2.0.0-rc.1
130 error peerinvalid Peer @angular/platform-browser-dynamic@2.0.0-rc.1 wants @angular/common@2.0.0-rc.1
130 error peerinvalid Peer @angular/router@2.0.0-rc.1 wants @angular/common@2.0.0-rc.1
130 error peerinvalid Peer @angular/testing@0.0.0-0 wants @angular/common@0.0.0-0
131 verbose exit [ 1, true ]
